<?xml version="1.0" encoding="UTF-8"?>
<!-- Generated by org.testng.reporters.JUnitXMLReporter -->
<testsuite ignored="2" hostname="LAPTOP-0BKL0KAR" failures="0" tests="3" name="Free CRM App Test Cases" time="38.749" errors="0" timestamp="2022-04-28T18:27:19 IST">
  <testcase classname="com.crm.qa.testcases.LoginPageTest" name="loginPageTitleTest" time="0.026"/>
  <testcase classname="com.crm.qa.testcases.LoginPageTest" name="loginTest" time="4.578"/>
  <testcase classname="com.crm.qa.testcases.HomePageTest" name="clickOnContactsLinkTest" time="1.951"/>
  <testcase classname="com.crm.qa.testcases.HomePageTest" name="verifyHomePageTitleTest" time="0.0">
    <ignored/>
  </testcase> <!-- verifyHomePageTitleTest -->
  <testcase classname="com.crm.qa.testcases.HomePageTest" name="verifyUserNameTest" time="0.0">
    <ignored/>
  </testcase> <!-- verifyUserNameTest -->
</testsuite> <!-- Free CRM App Test Cases -->
